2022-09-21 00:36:57,281 DEBUG [main] InternalLoggerFactory:89 - Using Log4J as the default logging framework
2022-09-21 00:36:57,289 DEBUG [main] ResourceLeakDetector:129 - -Dio.netty.leakDetection.level: simple
2022-09-21 00:36:57,290 DEBUG [main] ResourceLeakDetector:130 - -Dio.netty.leakDetection.targetRecords: 4
2022-09-21 00:36:57,297 DEBUG [main] ResourceLeakDetectorFactory:196 - Loaded default ResourceLeakDetector: io.netty.util.ResourceLeakDetector@7817fd62
2022-09-21 00:36:57,324 DEBUG [main] PlatformDependent0:460 - -Dio.netty.noUnsafe: false
2022-09-21 00:36:57,325 DEBUG [main] PlatformDependent0:954 - Java version: 8
2022-09-21 00:36:57,327 DEBUG [main] PlatformDependent0:135 - sun.misc.Unsafe.theUnsafe: available
2022-09-21 00:36:57,330 DEBUG [main] PlatformDependent0:159 - sun.misc.Unsafe.copyMemory: available
2022-09-21 00:36:57,331 DEBUG [main] PlatformDependent0:202 - java.nio.Buffer.address: available
2022-09-21 00:36:57,332 DEBUG [main] PlatformDependent0:272 - direct buffer constructor: available
2022-09-21 00:36:57,333 DEBUG [main] PlatformDependent0:350 - java.nio.Bits.unaligned: available, true
2022-09-21 00:36:57,334 DEBUG [main] PlatformDependent0:424 - jdk.internal.misc.Unsafe.allocateUninitializedArray(int): unavailable prior to Java9
2022-09-21 00:36:57,334 DEBUG [main] PlatformDependent0:446 - java.nio.DirectByteBuffer.<init>(long, int): available
2022-09-21 00:36:57,334 DEBUG [main] PlatformDependent:1116 - sun.misc.Unsafe: available
2022-09-21 00:36:57,335 DEBUG [main] PlatformDependent:1237 - -Dio.netty.tmpdir: C:\Users\PC\AppData\Local\Temp (java.io.tmpdir)
2022-09-21 00:36:57,336 DEBUG [main] PlatformDependent:1316 - -Dio.netty.bitMode: 64 (sun.arch.data.model)
2022-09-21 00:36:57,340 DEBUG [main] PlatformDependent:1076 - Platform: Windows
2022-09-21 00:36:57,342 DEBUG [main] PlatformDependent:178 - -Dio.netty.maxDirectMemory: 1890582528 bytes
2022-09-21 00:36:57,342 DEBUG [main] PlatformDependent:185 - -Dio.netty.uninitializedArrayAllocationThreshold: -1
2022-09-21 00:36:57,344 DEBUG [main] CleanerJava6:92 - java.nio.ByteBuffer.cleaner(): available
2022-09-21 00:36:57,344 DEBUG [main] PlatformDependent:205 - -Dio.netty.noPreferDirect: false
2022-09-21 00:36:57,361 DEBUG [main] PlatformDependent:967 - org.jctools-core.MpscChunkedArrayQueue: available
2022-09-21 00:36:57,392 DEBUG [main] InternalThreadLocalMap:86 - -Dio.netty.threadLocalMap.stringBuilder.initialSize: 1024
2022-09-21 00:36:57,392 DEBUG [main] InternalThreadLocalMap:89 - -Dio.netty.threadLocalMap.stringBuilder.maxSize: 4096
2022-09-21 00:36:57,459 DEBUG [main] JdkSslContext:97 - Default protocols (JDK): [TLSv1.2, TLSv1.1, TLSv1] 
2022-09-21 00:36:57,459 DEBUG [main] JdkSslContext:98 - Default cipher suites (JDK): [TLS_ECDHE_ECDSA_WITH_AES_256_GCM_SHA384, TLS_ECDHE_ECDSA_WITH_AES_128_GCM_SHA256, TLS_ECDHE_RSA_WITH_AES_128_GCM_SHA256, TLS_ECDHE_RSA_WITH_AES_256_GCM_SHA384, TLS_ECDHE_RSA_WITH_AES_128_CBC_SHA, TLS_ECDHE_RSA_WITH_AES_256_CBC_SHA, TLS_RSA_WITH_AES_128_GCM_SHA256, TLS_RSA_WITH_AES_128_CBC_SHA, TLS_RSA_WITH_AES_256_CBC_SHA]
2022-09-21 00:36:57,507 DEBUG [main] MultithreadEventLoopGroup:44 - -Dio.netty.eventLoopThreads: 8
2022-09-21 00:36:57,520 DEBUG [main] NioEventLoop:109 - -Dio.netty.noKeySetOptimization: false
2022-09-21 00:36:57,520 DEBUG [main] NioEventLoop:110 - -Dio.netty.selectorAutoRebuildThreshold: 512
2022-09-21 00:36:57,609 DEBUG [main] PooledByteBufAllocator:155 - -Dio.netty.allocator.numHeapArenas: 8
2022-09-21 00:36:57,609 DEBUG [main] PooledByteBufAllocator:156 - -Dio.netty.allocator.numDirectArenas: 8
2022-09-21 00:36:57,610 DEBUG [main] PooledByteBufAllocator:158 - -Dio.netty.allocator.pageSize: 8192
2022-09-21 00:36:57,610 DEBUG [main] PooledByteBufAllocator:163 - -Dio.netty.allocator.maxOrder: 11
2022-09-21 00:36:57,611 DEBUG [main] PooledByteBufAllocator:167 - -Dio.netty.allocator.chunkSize: 16777216
2022-09-21 00:36:57,612 DEBUG [main] PooledByteBufAllocator:168 - -Dio.netty.allocator.smallCacheSize: 256
2022-09-21 00:36:57,612 DEBUG [main] PooledByteBufAllocator:169 - -Dio.netty.allocator.normalCacheSize: 64
2022-09-21 00:36:57,613 DEBUG [main] PooledByteBufAllocator:170 - -Dio.netty.allocator.maxCachedBufferCapacity: 32768
2022-09-21 00:36:57,614 DEBUG [main] PooledByteBufAllocator:171 - -Dio.netty.allocator.cacheTrimInterval: 8192
2022-09-21 00:36:57,614 DEBUG [main] PooledByteBufAllocator:172 - -Dio.netty.allocator.cacheTrimIntervalMillis: 0
2022-09-21 00:36:57,614 DEBUG [main] PooledByteBufAllocator:173 - -Dio.netty.allocator.useCacheForAllThreads: true
2022-09-21 00:36:57,614 DEBUG [main] PooledByteBufAllocator:174 - -Dio.netty.allocator.maxCachedByteBuffersPerChunk: 1023
2022-09-21 00:36:57,632 DEBUG [main] ByteBufUtil:87 - -Dio.netty.allocator.type: pooled
2022-09-21 00:36:57,632 DEBUG [main] ByteBufUtil:96 - -Dio.netty.threadLocalDirectBufferSize: 0
2022-09-21 00:36:57,633 DEBUG [main] ByteBufUtil:99 - -Dio.netty.maxThreadLocalCharBufferSize: 16384
2022-09-21 00:36:58,759 DEBUG [Forwarding newSession on session null to remote] DefaultChannelId:79 - -Dio.netty.processId: 15328 (auto-detected)
2022-09-21 00:36:58,764 DEBUG [Forwarding newSession on session null to remote] NetUtil:135 - -Djava.net.preferIPv4Stack: false
2022-09-21 00:36:58,764 DEBUG [Forwarding newSession on session null to remote] NetUtil:136 - -Djava.net.preferIPv6Addresses: false
2022-09-21 00:36:59,056 DEBUG [Forwarding newSession on session null to remote] NetUtilInitializations:129 - Loopback interface: lo (Software Loopback Interface 1, 127.0.0.1)
2022-09-21 00:36:59,058 DEBUG [Forwarding newSession on session null to remote] NetUtil:187 - Failed to get SOMAXCONN from sysctl and file \proc\sys\net\core\somaxconn. Default: 200
2022-09-21 00:36:59,358 DEBUG [Forwarding newSession on session null to remote] DefaultChannelId:101 - -Dio.netty.machineId: e4:02:9b:ff:fe:75:4e:5a (auto-detected)
2022-09-21 00:36:59,470 DEBUG [AsyncHttpClient-1-2] AbstractByteBuf:63 - -Dio.netty.buffer.checkAccessible: true
2022-09-21 00:36:59,471 DEBUG [AsyncHttpClient-1-2] AbstractByteBuf:64 - -Dio.netty.buffer.checkBounds: true
2022-09-21 00:36:59,472 DEBUG [AsyncHttpClient-1-2] ResourceLeakDetectorFactory:196 - Loaded default ResourceLeakDetector: io.netty.util.ResourceLeakDetector@75f9fd71
2022-09-21 00:36:59,531 DEBUG [AsyncHttpClient-1-2] Recycler:85 - -Dio.netty.recycler.maxCapacityPerThread: 4096
2022-09-21 00:36:59,531 DEBUG [AsyncHttpClient-1-2] Recycler:86 - -Dio.netty.recycler.ratio: 8
2022-09-21 00:36:59,532 DEBUG [AsyncHttpClient-1-2] Recycler:87 - -Dio.netty.recycler.chunkSize: 32
2022-09-21 00:36:59,532 DEBUG [AsyncHttpClient-1-2] Recycler:88 - -Dio.netty.recycler.blocking: false
2022-09-21 00:37:04,471 DEBUG [AsyncHttpClient-1-2] Brotli:38 - brotli4j not in the classpath; Brotli support will be unavailable.
